c:\users\mmull\win_code\psia\udp_communication_framework\udp_communication_framework\x64\debug\udp_communication_framework.pch
c:\users\mmull\win_code\psia\udp_communication_framework\udp_communication_framework\x64\debug\vc142.pdb
c:\users\mmull\win_code\psia\udp_communication_framework\udp_communication_framework\x64\debug\vc142.idb
c:\users\mmull\win_code\psia\udp_communication_framework\udp_communication_framework\x64\debug\stdafx.obj
c:\users\mmull\win_code\psia\udp_communication_framework\udp_communication_framework\x64\debug\udp_communication_framework.obj
c:\users\mmull\win_code\psia\udp_communication_framework v2\udp_communication_framework\x64\debug\udp_communication_framework.pch
c:\users\mmull\win_code\psia\udp_communication_framework v2\udp_communication_framework\x64\debug\vc142.pdb
c:\users\mmull\win_code\psia\udp_communication_framework v2\udp_communication_framework\x64\debug\vc142.idb
c:\users\mmull\win_code\psia\udp_communication_framework v2\udp_communication_framework\x64\debug\stdafx.obj
c:\users\mmull\win_code\psia\udp_communication_framework v2\udp_communication_framework\x64\debug\udp_communication_framework.obj
c:\users\mmull\win_code\psia\uloha 2\udp_communication_framework v2\udp_communication_framework\x64\debug\udp_communication_framework.pch
c:\users\mmull\win_code\psia\uloha 2\udp_communication_framework v2\udp_communication_framework\x64\debug\vc142.pdb
c:\users\mmull\win_code\psia\uloha 2\udp_communication_framework v2\udp_communication_framework\x64\debug\vc142.idb
c:\users\mmull\win_code\psia\uloha 2\udp_communication_framework v2\udp_communication_framework\x64\debug\stdafx.obj
c:\users\mmull\win_code\psia\uloha 2\udp_communication_framework v2\udp_communication_framework\x64\debug\udp_communication_framework.obj
c:\users\mmull\win_code\psia\udp_communication_framework\x64\debug\udp_communication_framework.exe
c:\users\mmull\win_code\psia\udp_communication_framework\x64\debug\udp_communication_framework.ilk
c:\users\mmull\win_code\psia\udp_communication_framework\x64\debug\udp_communication_framework.pdb
c:\users\mmull\win_code\psia\udp_communication_framework v2\x64\debug\udp_communication_framework.exe
c:\users\mmull\win_code\psia\udp_communication_framework v2\x64\debug\udp_communication_framework.ilk
c:\users\mmull\win_code\psia\udp_communication_framework v2\x64\debug\udp_communication_framework.pdb
c:\users\mmull\win_code\psia\uloha 2\udp_communication_framework v2\x64\debug\udp_communication_framework.pdb
c:\users\mmull\win_code\psia\uloha 2\udp_communication_framework v2\x64\debug\udp_communication_framework.exe
c:\users\mmull\win_code\psia\uloha 2\udp_communication_framework v2\x64\debug\udp_communication_framework.ilk
c:\users\mmull\win_code\psia\uloha 2\udp_communication_framework v2\udp_communication_framework\x64\debug\udp_comm.21d0050f.tlog\cl.command.1.tlog
c:\users\mmull\win_code\psia\uloha 2\udp_communication_framework v2\udp_communication_framework\x64\debug\udp_comm.21d0050f.tlog\cl.read.1.tlog
c:\users\mmull\win_code\psia\uloha 2\udp_communication_framework v2\udp_communication_framework\x64\debug\udp_comm.21d0050f.tlog\cl.write.1.tlog
c:\users\mmull\win_code\psia\uloha 2\udp_communication_framework v2\udp_communication_framework\x64\debug\udp_comm.21d0050f.tlog\link.command.1.tlog
c:\users\mmull\win_code\psia\uloha 2\udp_communication_framework v2\udp_communication_framework\x64\debug\udp_comm.21d0050f.tlog\link.read.1.tlog
c:\users\mmull\win_code\psia\uloha 2\udp_communication_framework v2\udp_communication_framework\x64\debug\udp_comm.21d0050f.tlog\link.write.1.tlog
